<?xml version="1.0" encoding="UTF-8"?>
<testng-results skipped="0" failed="0" total="1" passed="1">
  <reporter-output>
  </reporter-output>
  <suite name="Default suite" duration-ms="53077" started-at="2019-11-17T06:41:40Z" finished-at="2019-11-17T06:42:33Z">
    <groups>
    </groups>
    <test name="Default test" duration-ms="53077" started-at="2019-11-17T06:41:40Z" finished-at="2019-11-17T06:42:33Z">
      <class name="test.Test99GuruLoginWithPageFactory">
        <test-method status="PASS" signature="setup()[pri:0, instance:test.Test99GuruLoginWithPageFactory@4b0b0854]" name="setup" is-config="true" duration-ms="50334" started-at="2019-11-17T12:11:40Z" finished-at="2019-11-17T12:12:30Z">
          <reporter-output>
          </reporter-output>
        </test-method> <!-- setup -->
        <test-method status="PASS" signature="test_Home_Page_Appear_Correct()[pri:0, instance:test.Test99GuruLoginWithPageFactory@4b0b0854]" name="test_Home_Page_Appear_Correct" duration-ms="2716" started-at="2019-11-17T12:12:30Z" finished-at="2019-11-17T12:12:33Z">
          <reporter-output>
          </reporter-output>
        </test-method> <!-- test_Home_Page_Appear_Correct -->
      </class> <!-- test.Test99GuruLoginWithPageFactory -->
    </test> <!-- Default test -->
  </suite> <!-- Default suite -->
</testng-results>
